[debug] [2024-11-29T13:25:57.624Z] ----------------------------------------------------------------------
[debug] [2024-11-29T13:25:57.628Z] Command:       C:\Program Files\nodejs\node.exe C:\Users\hp pc\AppData\Roaming\npm\node_modules\firebase-tools\lib\bin\firebase.js init
[debug] [2024-11-29T13:25:57.630Z] CLI Version:   13.27.0
[debug] [2024-11-29T13:25:57.630Z] Platform:      win32
[debug] [2024-11-29T13:25:57.630Z] Node Version:  v20.17.0
[debug] [2024-11-29T13:25:57.631Z] Time:          Fri Nov 29 2024 21:25:57 GMT+0800 (Philippine Standard Time)
[debug] [2024-11-29T13:25:57.631Z] ----------------------------------------------------------------------
[debug] 
[debug] [2024-11-29T13:25:57.746Z] > command requires scopes: ["email","openid","https://www.googleapis.com/auth/cloudplatformprojects.readonly","https://www.googleapis.com/auth/firebase","https://www.googleapis.com/auth/cloud-platform"]
[debug] [2024-11-29T13:25:57.747Z] > authorizing via signed-in user (lykaalperes@gmail.com)
[info] 
     ######## #### ########  ######## ########     ###     ######  ########
     ##        ##  ##     ## ##       ##     ##  ##   ##  ##       ##
     ######    ##  ########  ######   ########  #########  ######  ######
     ##        ##  ##    ##  ##       ##     ## ##     ##       ## ##
     ##       #### ##     ## ######## ########  ##     ##  ######  ########

You're about to initialize a Firebase project in this directory:

  C:\Users\hp pc\Desktop\Activity-31-Angular-Ecommerce-Product-List-main

Before we get started, keep in mind:

  * You are initializing within an existing Firebase project directory

[info] 
=== Project Setup
[info] 
[info] First, let's associate this project directory with a Firebase project.
[info] You can create multiple project aliases by running firebase use --add, 
[info] but for now we'll just set up a default project.
[info] 
[debug] [2024-11-29T13:27:11.864Z] Using project from CLI flag: angular-ecommerce-produc-1c41a
[debug] [2024-11-29T13:27:11.866Z] Checked if tokens are valid: true, expires at: 1732890204970
[debug] [2024-11-29T13:27:11.866Z] Checked if tokens are valid: true, expires at: 1732890204970
[debug] [2024-11-29T13:27:11.869Z] >>> [apiv2][query] GET https://firebase.googleapis.com/v1beta1/projects/angular-ecommerce-produc-1c41a [none]
[debug] [2024-11-29T13:27:12.370Z] <<< [apiv2][status] GET https://firebase.googleapis.com/v1beta1/projects/angular-ecommerce-produc-1c41a 403
[debug] [2024-11-29T13:27:12.370Z] <<< [apiv2][body] GET https://firebase.googleapis.com/v1beta1/projects/angular-ecommerce-produc-1c41a {"error":{"code":403,"message":"The caller does not have permission","status":"PERMISSION_DENIED"}}
[debug] [2024-11-29T13:27:12.372Z] Request to https://firebase.googleapis.com/v1beta1/projects/angular-ecommerce-produc-1c41a had HTTP Error: 403, The caller does not have permission
[debug] [2024-11-29T13:27:12.373Z] FirebaseError: Request to https://firebase.googleapis.com/v1beta1/projects/angular-ecommerce-produc-1c41a had HTTP Error: 403, The caller does not have permission
    at responseToError (C:\Users\hp pc\AppData\Roaming\npm\node_modules\firebase-tools\lib\responseToError.js:52:12)
    at RetryOperation._fn (C:\Users\hp pc\AppData\Roaming\npm\node_modules\firebase-tools\lib\apiv2.js:312:77)
    at process.processTicksAndRejections (node:internal/process/task_queues:95:5)
[error] 
[error] Error: Failed to get Firebase project angular-ecommerce-produc-1c41a. Please make sure the project exists and your account has permission to access it.
